<?xml version="1.0" encoding="UTF-8"?>
<!-- Generated by org.testng.reporters.JUnitReportReporter -->
<testsuite hostname="ITLP80" failures="0" tests="9" name="test_Flipkart.Test1" time="14.987" errors="0" timestamp="2023-07-02T11:06:44 IST" skipped="0">
  <testcase classname="test_Flipkart.Test1" name="openFlipkart1" time="4.702"/>
  <system-out/>
  <testcase classname="test_Flipkart.Test1" name="clearThePopUp" time="0.587"/>
  <system-out/>
  <testcase classname="test_Flipkart.Test1" name="viewMobile" time="0.664"/>
  <system-out/>
  <testcase classname="test_Flipkart.Test1" name="shopNowFromRealme" time="0.947"/>
  <system-out/>
  <testcase classname="test_Flipkart.Test1" name="selectDevice" time="4.376"/>
  <system-out/>
  <testcase classname="test_Flipkart.Test1" name="addToCart" time="0.336"/>
  <system-out/>
  <testcase classname="test_Flipkart.Test1" name="placeOrder" time="2.845"/>
  <system-out/>
  <testcase classname="test_Flipkart.Test1" name="typeNumber" time="0.268"/>
  <system-out/>
  <testcase classname="test_Flipkart.Test1" name="continueToRecieve" time="0.262"/>
  <system-out/>
</testsuite> <!-- test_Flipkart.Test1 -->
