<?xml version="1.0" encoding="UTF-8"?>
<!-- Generated by org.testng.reporters.JUnitReportReporter -->
<testsuite hostname="ITLP80" failures="0" tests="9" name="test_Flipkart.Test1" time="34.815" errors="0" timestamp="2023-07-02T11:08:21 IST" skipped="0">
  <testcase classname="test_Flipkart.Test1" name="openFlipkart1" time="8.421"/>
  <system-out/>
  <testcase classname="test_Flipkart.Test1" name="clearThePopUp" time="0.507"/>
  <system-out/>
  <testcase classname="test_Flipkart.Test1" name="viewMobile" time="0.500"/>
  <system-out/>
  <testcase classname="test_Flipkart.Test1" name="shopNowFromRealme" time="0.780"/>
  <system-out/>
  <testcase classname="test_Flipkart.Test1" name="selectDevice" time="15.199"/>
  <system-out/>
  <testcase classname="test_Flipkart.Test1" name="addToCart" time="0.363"/>
  <system-out/>
  <testcase classname="test_Flipkart.Test1" name="placeOrder" time="8.524"/>
  <system-out/>
  <testcase classname="test_Flipkart.Test1" name="typeNumber" time="0.265"/>
  <system-out/>
  <testcase classname="test_Flipkart.Test1" name="continueToRecieve" time="0.256"/>
  <system-out/>
</testsuite> <!-- test_Flipkart.Test1 -->
